* Starting client
* Connecting to master process on port 9504
* Analyzing classpath: 
  - /Users/xusong/Desktop/Projects/Groovy-Song/target/classes/groovy/test
  - /Users/xusong/Desktop/Projects/Groovy-Song/target/resources/test
  - /Users/xusong/Desktop/Projects/Groovy-Song/target/classes/java/main
  - /Users/xusong/Desktop/Projects/Groovy-Song/target/classes/groovy/main
  - /Users/xusong/Desktop/Projects/Groovy-Song/target/resources/main
  - /Users/xusong/Desktop/Projects/Groovy-Song/target/resources/antlr2
* Finished analyzing classpath
* Generating tests for class org.apache.groovy.internal.metaclass.MetaClassConstant
* Test criteria:
  - Line Coverage
  - Branch Coverage
  - Exception
  - Mutation testing (weak)
  - Method-Output Coverage
  - Top-Level Method Coverage
  - No-Exception Top-Level Method Coverage
  - Context Branch Coverage
* Setting up search algorithm for whole suite generation
* Loaded 5 tests from /Users/xusong/Desktop/Projects/Groovy-Song/.evosuite/evosuite-seeds/org.apache.groovy.internal.metaclass.MetaClassConstant.seed
* Total number of test goals: 
  - Line 6
  - Branch 3
  - Exception 0
  - MutationFactory 0
  - Output 4
  - Method 3
  - MethodNoException 3
  - CBranchFitnessFactory 3
* Using seed 1582268047335
* Starting evolution
[MASTER] 01:54:17.410 [pool-2-thread-1] WARN  TimeController - Phase INITIALIZATION lasted too long, 2 seconds more than allowed.
* Search finished after 50s and 1352 generations, 54573 statements, best individual has fitness: 14.0
* Writing sequences to pool
* Minimizing test suite
* Going to analyze the coverage criteria
* Coverage analysis for criterion LINE
* Coverage of criterion LINE: 50%
* Total number of goals: 6
* Number of covered goals: 3
* Coverage analysis for criterion BRANCH
* Coverage of criterion BRANCH: 33%
* Total number of goals: 3
* Number of covered goals: 1
* Coverage analysis for criterion EXCEPTION
* Coverage of criterion EXCEPTION: 67%
* Total number of goals: 3
* Number of covered goals: 2
* Coverage analysis for criterion WEAKMUTATION
* Coverage of criterion WEAKMUTATION: 100% (no goals)
* Coverage analysis for criterion OUTPUT
* Coverage of criterion OUTPUT: 0%
* Total number of goals: 4
* Number of covered goals: 0
* Coverage analysis for criterion METHOD
* Coverage of criterion METHOD: 33%
* Total number of goals: 3
* Number of covered goals: 1
* Coverage analysis for criterion METHODNOEXCEPTION
* Coverage of criterion METHODNOEXCEPTION: 0%
* Total number of goals: 3
* Number of covered goals: 0
* Coverage analysis for criterion CBRANCH
* Coverage of criterion CBRANCH: 33%
* Total number of goals: 3
* Number of covered goals: 1
* Generated 2 tests with total length 3
* Resulting test suite's coverage: 44% (average coverage for all fitness functions)
* Generating assertions
* Resulting test suite's mutation score: 100%
* Compiling and checking tests
* Writing JUnit test case 'MetaClassConstant_ESTest' to /Users/xusong/Desktop/Projects/Groovy-Song/.evosuite/tmp_2020_02_21_01_49_07/tests
* Done!

