[MASTER] 01:55:12.446 [pool-2-thread-1] ERROR JUnitAnalyzer - Compilation failed on compilation units: [RegularFileObject[/var/folders/84/hf1w65113t71s05svflntk740000gn/T/EvoSuite_1_1582268112272/org/apache/groovy/internal/metaclass/MetaClassConstant_1_tmp__ESTest.java], RegularFileObject[/var/folders/84/hf1w65113t71s05svflntk740000gn/T/EvoSuite_1_1582268112272/org/apache/groovy/internal/metaclass/MetaClassConstant_1_tmp__ESTest_scaffolding.java]]
[MASTER] 01:55:12.446 [pool-2-thread-1] ERROR JUnitAnalyzer - Classpath: /Users/xusong/Desktop/Projects/Groovy-Song/target/classes/groovy/test:/Users/xusong/Desktop/Projects/Groovy-Song/target/resources/test:/Users/xusong/Desktop/Projects/Groovy-Song/target/classes/java/main:/Users/xusong/Desktop/Projects/Groovy-Song/target/classes/groovy/main:/Users/xusong/Desktop/Projects/Groovy-Song/target/resources/main:/Users/xusong/Desktop/Projects/Groovy-Song/target/resources/antlr2:/Users/xusong/Desktop/Projects/Groovy-Song/target/classes/groovy/test:/Users/xusong/Desktop/Projects/Groovy-Song/target/resources/test:/Users/xusong/Desktop/Projects/Groovy-Song/target/classes/java/main:/Users/xusong/Desktop/Projects/Groovy-Song/target/classes/groovy/main:/Users/xusong/Desktop/Projects/Groovy-Song/target/resources/main:/Users/xusong/Desktop/Projects/Groovy-Song/target/resources/antlr2:/Users/xusong/Desktop/Projects/Groovy-Song/evosuite-1.0.6.jar:/Users/xusong/Desktop/Projects/Groovy-Song/target/classes/groovy/test:/Users/xusong/Desktop/Projects/Groovy-Song/target/resources/test:/Users/xusong/Desktop/Projects/Groovy-Song/target/classes/java/main:/Users/xusong/Desktop/Projects/Groovy-Song/target/classes/groovy/main:/Users/xusong/Desktop/Projects/Groovy-Song/target/resources/main:/Users/xusong/Desktop/Projects/Groovy-Song/target/resources/antlr2
[MASTER] 01:55:12.446 [pool-2-thread-1] ERROR JUnitAnalyzer - evosuiteCP: /Users/xusong/Desktop/Projects/Groovy-Song/target/classes/groovy/test:/Users/xusong/Desktop/Projects/Groovy-Song/target/resources/test:/Users/xusong/Desktop/Projects/Groovy-Song/target/classes/java/main:/Users/xusong/Desktop/Projects/Groovy-Song/target/classes/groovy/main:/Users/xusong/Desktop/Projects/Groovy-Song/target/resources/main:/Users/xusong/Desktop/Projects/Groovy-Song/target/resources/antlr2:/Users/xusong/Desktop/Projects/Groovy-Song/evosuite-1.0.6.jar:/Users/xusong/Desktop/Projects/Groovy-Song/target/classes/groovy/test:/Users/xusong/Desktop/Projects/Groovy-Song/target/resources/test:/Users/xusong/Desktop/Projects/Groovy-Song/target/classes/java/main:/Users/xusong/Desktop/Projects/Groovy-Song/target/classes/groovy/main:/Users/xusong/Desktop/Projects/Groovy-Song/target/resources/main:/Users/xusong/Desktop/Projects/Groovy-Song/target/resources/antlr2
[MASTER] 01:55:12.463 [pool-2-thread-1] ERROR JUnitAnalyzer - Diagnostic: incompatible types: java.lang.Class<java.lang.Class> cannot be converted to java.lang.Class<java.lang.String>: 21
[MASTER] 01:55:12.467 [pool-2-thread-1] ERROR JUnitAnalyzer - RegularFileObject[/var/folders/84/hf1w65113t71s05svflntk740000gn/T/EvoSuite_1_1582268112272/org/apache/groovy/internal/metaclass/MetaClassConstant_1_tmp__ESTest.java]
1: /*
2:  * This file was automatically generated by EvoSuite
3:  * Fri Feb 21 06:55:12 GMT 2020
4:  */
5: 
6: package org.apache.groovy.internal.metaclass;
7: 
8: import org.junit.Test;
9: import static org.junit.Assert.*;
10: import static org.evosuite.runtime.EvoAssertions.*;
11: import org.apache.groovy.internal.metaclass.MetaClassConstant;
12: import org.evosuite.runtime.EvoRunner;
13: import org.evosuite.runtime.EvoRunnerParameters;
14: import org.junit.runner.RunWith;
15: 
16: @RunWith(EvoRunner.class) @EvoRunnerParameters(mockJVMNonDeterminism = true, useVFS = true, useVNET = true, resetStaticState = true, useJEE = true) 
17: public class MetaClassConstant_1_tmp__ESTest extends MetaClassConstant_1_tmp__ESTest_scaffolding {
18: 
19:   @Test(timeout = 4000)
20:   public void test0()  throws Throwable  {
21:       Class<String> class0 = Class.class;
22:       MetaClassConstant<String> metaClassConstant0 = null;
23:       try {
24:         metaClassConstant0 = new MetaClassConstant<String>(class0);
25:         fail("Expecting exception: NoClassDefFoundError");
26:       
27:       } catch(NoClassDefFoundError e) {
28:          //
29:          // Could not initialize class groovy.lang.GroovySystem
30:          //
31:          verifyException("groovy.lang.MetaClassImpl", e);
32:       }
33:   }
34: }
RegularFileObject[/var/folders/84/hf1w65113t71s05svflntk740000gn/T/EvoSuite_1_1582268112272/org/apache/groovy/internal/metaclass/MetaClassConstant_1_tmp__ESTest.java]
1: /**
2:  * Scaffolding file used to store all the setups needed to run 
3:  * tests automatically generated by EvoSuite
4:  * Fri Feb 21 06:55:12 GMT 2020
5:  */
6: 
7: package org.apache.groovy.internal.metaclass;
8: 
9: import org.evosuite.runtime.annotation.EvoSuiteClassExclude;
10: import org.junit.BeforeClass;
11: import org.junit.Before;
12: import org.junit.After;
13: import org.junit.AfterClass;
14: import org.evosuite.runtime.sandbox.Sandbox;
15: import org.evosuite.runtime.sandbox.Sandbox.SandboxMode;
16: 
17: @EvoSuiteClassExclude
18: public class MetaClassConstant_1_tmp__ESTest_scaffolding {
19: 
20:   @org.junit.Rule 
21:   public org.evosuite.runtime.vnet.NonFunctionalRequirementRule nfr = new org.evosuite.runtime.vnet.NonFunctionalRequirementRule();
22: 
23:   private static final java.util.Properties defaultProperties = (java.util.Properties) java.lang.System.getProperties().clone(); 
24: 
25:   private org.evosuite.runtime.thread.ThreadStopper threadStopper =  new org.evosuite.runtime.thread.ThreadStopper (org.evosuite.runtime.thread.KillSwitchHandler.getInstance(), 3000);
26: 
27: 
28:   @BeforeClass 
29:   public static void initEvoSuiteFramework() { 
30:     org.evosuite.runtime.RuntimeSettings.className = "org.apache.groovy.internal.metaclass.MetaClassConstant"; 
31:     org.evosuite.runtime.GuiSupport.initialize(); 
32:     org.evosuite.runtime.RuntimeSettings.maxNumberOfThreads = 100; 
33:     org.evosuite.runtime.RuntimeSettings.maxNumberOfIterationsPerLoop = 10000; 
34:     org.evosuite.runtime.RuntimeSettings.mockSystemIn = true; 
35:     org.evosuite.runtime.RuntimeSettings.sandboxMode = org.evosuite.runtime.sandbox.Sandbox.SandboxMode.RECOMMENDED; 
36:     org.evosuite.runtime.sandbox.Sandbox.initializeSecurityManagerForSUT(); 
37:     org.evosuite.runtime.classhandling.JDKClassResetter.init();
38:     setSystemProperties();
39:     initializeClasses();
40:     org.evosuite.runtime.Runtime.getInstance().resetRuntime(); 
41:   } 
42: 
43:   @AfterClass 
44:   public static void clearEvoSuiteFramework(){ 
45:     Sandbox.resetDefaultSecurityManager(); 
46:     java.lang.System.setProperties((java.util.Properties) defaultProperties.clone()); 
47:   } 
48: 
49:   @Before 
50:   public void initTestCase(){ 
51:     threadStopper.storeCurrentThreads();
52:     threadStopper.startRecordingTime();
53:     org.evosuite.runtime.jvm.ShutdownHookHandler.getInstance().initHandler(); 
54:     org.evosuite.runtime.sandbox.Sandbox.goingToExecuteSUTCode(); 
55:     setSystemProperties(); 
56:     org.evosuite.runtime.GuiSupport.setHeadless(); 
57:     org.evosuite.runtime.Runtime.getInstance().resetRuntime(); 
58:     org.evosuite.runtime.agent.InstrumentingAgent.activate(); 
59:   } 
60: 
61:   @After 
62:   public void doneWithTestCase(){ 
63:     threadStopper.killAndJoinClientThreads();
64:     org.evosuite.runtime.jvm.ShutdownHookHandler.getInstance().safeExecuteAddedHooks(); 
65:     org.evosuite.runtime.classhandling.JDKClassResetter.reset(); 
66:     resetClasses(); 
67:     org.evosuite.runtime.sandbox.Sandbox.doneWithExecutingSUTCode(); 
68:     org.evosuite.runtime.agent.InstrumentingAgent.deactivate(); 
69:     org.evosuite.runtime.GuiSupport.restoreHeadlessMode(); 
70:   } 
71: 
72:   public static void setSystemProperties() {
73:  
74:     java.lang.System.setProperties((java.util.Properties) defaultProperties.clone()); 
75:     java.lang.System.setProperty("file.encoding", "UTF-8"); 
76:     java.lang.System.setProperty("java.awt.headless", "true"); 
77:     java.lang.System.setProperty("java.io.tmpdir", "/var/folders/84/hf1w65113t71s05svflntk740000gn/T/"); 
78:     java.lang.System.setProperty("user.country", "US"); 
79:     java.lang.System.setProperty("user.dir", "/Users/xusong/Desktop/Projects/Groovy-Song"); 
80:     java.lang.System.setProperty("user.home", "/Users/xusong"); 
81:     java.lang.System.setProperty("user.language", "en"); 
82:     java.lang.System.setProperty("user.name", "xusong"); 
83:     java.lang.System.setProperty("user.timezone", "America/New_York"); 
84:   }
85: 
86:   private static void initializeClasses() {
87:     org.evosuite.runtime.classhandling.ClassStateSupport.initializeClasses(MetaClassConstant_1_tmp__ESTest_scaffolding.class.getClassLoader() ,
88:       "org.apache.groovy.internal.metaclass.MetaClassConstant"
89:     );
90:   } 
91: 
92:   private static void resetClasses() {
93:     org.evosuite.runtime.classhandling.ClassResetter.getInstance().setClassLoader(MetaClassConstant_1_tmp__ESTest_scaffolding.class.getClassLoader()); 
94: 
95:     org.evosuite.runtime.classhandling.ClassStateSupport.resetClasses(
96:       "org.apache.groovy.internal.metaclass.MetaClassConstant"
97:     );
98:   }
99: }

[MASTER] 01:55:12.468 [pool-2-thread-1] ERROR JUnitAnalyzer - Failed to compile test case:
Class<String> class0 = Class.class;
MetaClassConstant<String> metaClassConstant0 = new MetaClassConstant<String>(class0);

