* Starting client
* Connecting to master process on port 14285
* Analyzing classpath: 
  - /Users/xusong/Desktop/Projects/Groovy-Song/target/classes/groovy/test
  - /Users/xusong/Desktop/Projects/Groovy-Song/target/resources/test
  - /Users/xusong/Desktop/Projects/Groovy-Song/target/classes/java/main
  - /Users/xusong/Desktop/Projects/Groovy-Song/target/classes/groovy/main
  - /Users/xusong/Desktop/Projects/Groovy-Song/target/resources/main
  - /Users/xusong/Desktop/Projects/Groovy-Song/target/resources/antlr2
* Finished analyzing classpath
* Generating tests for class org.apache.groovy.util.JavaShell
* Test criteria:
  - Line Coverage
  - Branch Coverage
  - Exception
  - Mutation testing (weak)
  - Method-Output Coverage
  - Top-Level Method Coverage
  - No-Exception Top-Level Method Coverage
  - Context Branch Coverage
* Setting up search algorithm for whole suite generation
* Loaded 14 tests from /Users/xusong/Desktop/Projects/Groovy-Song/.evosuite/evosuite-seeds/org.apache.groovy.util.JavaShell.seed
* Total number of test goals: 
  - Line 63
  - Branch 24
  - Exception 0
  - MutationFactory 28
  - Output 22
  - Method 13
  - MethodNoException 13
  - CBranchFitnessFactory 24
* Using seed 1582267786005
* Starting evolution
[MASTER] 01:50:01.001 [pool-2-thread-1] WARN  TimeController - Phase INITIALIZATION lasted too long, 3 seconds more than allowed.
[MASTER] 01:50:13.935 [TEST_EXECUTION_THREAD_1] WARN  MSecurityManager - SUT asked for a runtime permission that EvoSuite does not recognize: closeClassLoader
* Search finished after 73s and 230 generations, 32703 statements, best individual has fitness: 153.11507936507937
* Writing sequences to pool
* Minimizing test suite
* Going to analyze the coverage criteria
* Coverage analysis for criterion LINE
* Coverage of criterion LINE: 44%
* Total number of goals: 63
* Number of covered goals: 28
* Coverage analysis for criterion BRANCH
* Coverage of criterion BRANCH: 29%
* Total number of goals: 24
* Number of covered goals: 7
* Coverage analysis for criterion EXCEPTION
* Coverage of criterion EXCEPTION: 100%
* Total number of goals: 6
* Number of covered goals: 6
* Coverage analysis for criterion WEAKMUTATION
* Coverage of criterion WEAKMUTATION: 21%
* Total number of goals: 28
* Number of covered goals: 6
* Coverage analysis for criterion OUTPUT
* Coverage of criterion OUTPUT: 0%
* Total number of goals: 22
* Number of covered goals: 0
* Coverage analysis for criterion METHOD
* Coverage of criterion METHOD: 38%
* Total number of goals: 13
* Number of covered goals: 5
* Coverage analysis for criterion METHODNOEXCEPTION
* Coverage of criterion METHODNOEXCEPTION: 15%
* Total number of goals: 13
* Number of covered goals: 2
* Coverage analysis for criterion CBRANCH
* Coverage of criterion CBRANCH: 21%
* Total number of goals: 24
* Number of covered goals: 5
* Generated 7 tests with total length 17
* Resulting test suite's coverage: 34% (average coverage for all fitness functions)
* Generating assertions
* Resulting test suite's mutation score: 0%
* Compiling and checking tests
[MASTER] 01:51:19.567 [TEST_EXECUTION_THREAD_2] WARN  MSecurityManager - SUT asked for a runtime permission that EvoSuite does not recognize: closeClassLoader
[MASTER] 01:51:19.692 [pool-4-thread-1] WARN  MSecurityManager - SUT asked for a runtime permission that EvoSuite does not recognize: closeClassLoader
* Permissions denied during test execution: 
  - java.lang.RuntimePermission: 
         closeClassLoader: 8050
* Writing JUnit test case 'JavaShell_ESTest' to /Users/xusong/Desktop/Projects/Groovy-Song/.evosuite/tmp_2020_02_21_01_49_07/tests
[MASTER] 01:51:22.696 [TEST_EXECUTION_THREAD_2] WARN  MSecurityManager - SUT asked for a runtime permission that EvoSuite does not recognize: closeClassLoader
* Done!

