* Starting client
* Connecting to master process on port 4667
* Analyzing classpath: 
  - /Users/xusong/Desktop/Projects/Groovy-Song/target/classes/groovy/test
  - /Users/xusong/Desktop/Projects/Groovy-Song/target/resources/test
  - /Users/xusong/Desktop/Projects/Groovy-Song/target/classes/java/main
  - /Users/xusong/Desktop/Projects/Groovy-Song/target/classes/groovy/main
  - /Users/xusong/Desktop/Projects/Groovy-Song/target/resources/main
  - /Users/xusong/Desktop/Projects/Groovy-Song/target/resources/antlr2
* Finished analyzing classpath
* Generating tests for class org.apache.groovy.util.ScriptRunner
* Test criteria:
  - Line Coverage
  - Branch Coverage
  - Exception
  - Mutation testing (weak)
  - Method-Output Coverage
  - Top-Level Method Coverage
  - No-Exception Top-Level Method Coverage
  - Context Branch Coverage
* Setting up search algorithm for whole suite generation
* Loaded 3 tests from /Users/xusong/Desktop/Projects/Groovy-Song/.evosuite/evosuite-seeds/org.apache.groovy.util.ScriptRunner.seed
* Total number of test goals: 
  - Line 11
  - Branch 2
  - Exception 0
  - MutationFactory 15
  - Output 0
  - Method 2
  - MethodNoException 2
  - CBranchFitnessFactory 2
* Using seed 1582268044889
* Starting evolution
[MASTER] 01:54:15.474 [pool-2-thread-1] WARN  TimeController - Phase INITIALIZATION lasted too long, 3 seconds more than allowed.
* Search finished after 50s and 423 generations, 40454 statements, best individual has fitness: 3.166666666666667
* Writing sequences to pool
* Minimizing test suite
* Going to analyze the coverage criteria
* Coverage analysis for criterion LINE
* Coverage of criterion LINE: 55%
* Total number of goals: 11
* Number of covered goals: 6
* Coverage analysis for criterion BRANCH
* Coverage of criterion BRANCH: 100%
* Total number of goals: 2
* Number of covered goals: 2
* Coverage analysis for criterion EXCEPTION
* Coverage of criterion EXCEPTION: 100%
* Total number of goals: 2
* Number of covered goals: 2
* Coverage analysis for criterion WEAKMUTATION
* Coverage of criterion WEAKMUTATION: 87%
* Total number of goals: 15
* Number of covered goals: 13
* Coverage analysis for criterion OUTPUT
* Coverage of criterion OUTPUT: 100% (no goals)
* Coverage analysis for criterion METHOD
* Coverage of criterion METHOD: 100%
* Total number of goals: 2
* Number of covered goals: 2
* Coverage analysis for criterion METHODNOEXCEPTION
* Coverage of criterion METHODNOEXCEPTION: 100%
* Total number of goals: 2
* Number of covered goals: 2
* Coverage analysis for criterion CBRANCH
* Coverage of criterion CBRANCH: 100%
* Total number of goals: 2
* Number of covered goals: 2
* Generated 4 tests with total length 5
* Resulting test suite's coverage: 93% (average coverage for all fitness functions)
* Generating assertions
* Resulting test suite's mutation score: 40%
* Compiling and checking tests
* Permissions denied during test execution: 
  - java.lang.RuntimePermission: 
         exitVM.1: 6
* Writing JUnit test case 'ScriptRunner_ESTest' to /Users/xusong/Desktop/Projects/Groovy-Song/.evosuite/tmp_2020_02_21_01_49_07/tests
* Done!

